[2022-01-12 14:56:11.367] [exthost] [info] Extension host with pid 12128 started
[2022-01-12 14:56:11.445] [exthost] [info] ExtensionService#_doActivateExtension vscode.microsoft-authentication, startup: false, activationEvent: 'onAuthenticationRequest:microsoft'
[2022-01-12 14:56:11.480] [exthost] [info] ExtensionService#_doActivateExtension vscode.debug-auto-launch, startup: true, activationEvent: '*'
[2022-01-12 14:56:11.483] [exthost] [info] ExtensionService#_doActivateExtension vscode.git-base, startup: true, activationEvent: '*', root cause: vscode.github
[2022-01-12 14:56:11.511] [exthost] [info] ExtensionService#_doActivateExtension vscode.git, startup: true, activationEvent: '*'
[2022-01-12 14:56:11.576] [exthost] [info] ExtensionService#_doActivateExtension vscode.github, startup: true, activationEvent: '*'
[2022-01-12 14:56:11.719] [exthost] [info] Eager extensions activated
[2022-01-12 14:56:11.792] [exthost] [info] ExtensionService#_doActivateExtension vscode.emmet, startup: false, activationEvent: 'onStartupFinished'
[2022-01-12 14:56:11.807] [exthost] [info] ExtensionService#_doActivateExtension vscode.merge-conflict, startup: false, activationEvent: 'onStartupFinished'
[2022-01-12 14:56:11.816] [exthost] [info] ExtensionService#_doActivateExtension vscode.github-authentication, startup: false, activationEvent: 'onAuthenticationRequest:github'
[2022-01-12 14:56:34.126] [exthost] [info] extension host terminating: renderer closed the socket
[2022-01-12 14:56:34.131] [exthost] [info] Extension host with pid 12128 exiting with code 0
[2022-01-12 14:56:36.366] [exthost] [info] Extension host with pid 12247 started
[2022-01-12 14:56:36.390] [exthost] [info] Skipping acquiring lock for /var/www/html/User/workspaceStorage/b765f50da59d1e0f12e9f1bbcf385466.
[2022-01-12 14:56:36.498] [exthost] [info] ExtensionService#_doActivateExtension vscode.microsoft-authentication, startup: false, activationEvent: 'onAuthenticationRequest:microsoft'
[2022-01-12 14:56:36.506] [exthost] [info] ExtensionService#_doActivateExtension vscode.debug-auto-launch, startup: true, activationEvent: '*'
[2022-01-12 14:56:36.513] [exthost] [info] ExtensionService#_doActivateExtension vscode.git-base, startup: true, activationEvent: '*', root cause: vscode.github
[2022-01-12 14:56:36.523] [exthost] [info] ExtensionService#_doActivateExtension vscode.npm, startup: true, activationEvent: 'workspaceContains:package.json'
[2022-01-12 14:56:36.627] [exthost] [info] ExtensionService#_doActivateExtension vscode.git, startup: true, activationEvent: '*'
[2022-01-12 14:56:36.652] [exthost] [info] ExtensionService#_doActivateExtension vscode.github, startup: true, activationEvent: '*'
[2022-01-12 14:56:36.706] [exthost] [info] ExtensionService#_doActivateExtension vscode.github-authentication, startup: false, activationEvent: 'onAuthenticationRequest:github'
[2022-01-12 14:56:36.745] [exthost] [info] Eager extensions activated
[2022-01-12 14:56:36.806] [exthost] [info] ExtensionService#_doActivateExtension vscode.emmet, startup: false, activationEvent: 'onStartupFinished'
[2022-01-12 14:56:36.811] [exthost] [info] ExtensionService#_doActivateExtension vscode.merge-conflict, startup: false, activationEvent: 'onStartupFinished'
[2022-01-12 14:56:37.079] [exthost] [warning] [Decorations] CAPPING events from decorations provider vscode.git 9388
[2022-01-12 14:56:40.748] [exthost] [warning] [Decorations] CAPPING events from decorations provider vscode.git 9388
[2022-01-12 14:56:48.859] [exthost] [warning] [Decorations] CAPPING events from decorations provider vscode.git 9390
[2022-01-12 14:56:56.899] [exthost] [warning] [Decorations] CAPPING events from decorations provider vscode.git 9391
